<?xml version="1.0" encoding="UTF-8"?>
<robot generator="Robot 6.1.1 (Python 3.12.0 on win32)" generated="20240819 00:34:46.953" rpa="false" schemaversion="4">
<suite id="s1" name="Subscribe" source="D:\Hyper-Mall\Automated Frontend\subscribe\subscribe.robot">
<test id="s1-t1" name="Subscribe" line="12">
<kw name="LaunchBrowser">
<kw name="Open Browser" library="SeleniumLibrary">
<arg>${url}</arg>
<arg>${browser}</arg>
<doc>Opens a new browser instance to the optional ``url``.</doc>
<msg timestamp="20240819 00:34:47.157" level="INFO">Opening browser 'Edge' to base url 'http://localhost:3000/#Home'.</msg>
<status status="PASS" starttime="20240819 00:34:47.156" endtime="20240819 00:34:51.372"/>
</kw>
<kw name="Maximize Browser Window" library="SeleniumLibrary">
<doc>Maximizes current browser window.</doc>
<status status="PASS" starttime="20240819 00:34:51.373" endtime="20240819 00:34:51.379"/>
</kw>
<kw name="Sleep" library="BuiltIn">
<arg>6s</arg>
<doc>Pauses the test executed for the given time.</doc>
<msg timestamp="20240819 00:34:57.380" level="INFO">Slept 6 seconds</msg>
<status status="PASS" starttime="20240819 00:34:51.379" endtime="20240819 00:34:57.380"/>
</kw>
<status status="PASS" starttime="20240819 00:34:47.156" endtime="20240819 00:34:57.380"/>
</kw>
<kw name="Subscribe">
<kw name="Input Text" library="SeleniumLibrary">
<arg>//input[@id='form5Example2']</arg>
<arg>${email}</arg>
<doc>Types the given ``text`` into the text field identified by ``locator``.</doc>
<msg timestamp="20240819 00:34:57.381" level="INFO">Typing text 'testing@gmail.com' into text field '//input[@id='form5Example2']'.</msg>
<status status="PASS" starttime="20240819 00:34:57.381" endtime="20240819 00:34:57.711"/>
</kw>
<kw name="Sleep" library="BuiltIn">
<arg>3s</arg>
<doc>Pauses the test executed for the given time.</doc>
<msg timestamp="20240819 00:35:00.711" level="INFO">Slept 3 seconds</msg>
<status status="PASS" starttime="20240819 00:34:57.711" endtime="20240819 00:35:00.711"/>
</kw>
<kw name="Click Button" library="SeleniumLibrary">
<arg>//button[@role='button']</arg>
<doc>Clicks the button identified by ``locator``.</doc>
<msg timestamp="20240819 00:35:00.711" level="INFO">Clicking button '//button[@role='button']'.</msg>
<status status="PASS" starttime="20240819 00:35:00.711" endtime="20240819 00:35:02.921"/>
</kw>
<kw name="Sleep" library="BuiltIn">
<arg>6s</arg>
<doc>Pauses the test executed for the given time.</doc>
<msg timestamp="20240819 00:35:08.922" level="INFO">Slept 6 seconds</msg>
<status status="PASS" starttime="20240819 00:35:02.921" endtime="20240819 00:35:08.922"/>
</kw>
<kw name="Go Back" library="SeleniumLibrary">
<doc>Simulates the user clicking the back button on their browser.</doc>
<status status="PASS" starttime="20240819 00:35:08.922" endtime="20240819 00:35:09.196"/>
</kw>
<status status="PASS" starttime="20240819 00:34:57.380" endtime="20240819 00:35:09.196"/>
</kw>
<status status="PASS" starttime="20240819 00:34:47.155" endtime="20240819 00:35:09.197"/>
</test>
<status status="PASS" starttime="20240819 00:34:46.955" endtime="20240819 00:35:09.198"/>
</suite>
<statistics>
<total>
<stat pass="1" fail="0" skip="0">All Tests</stat>
</total>
<tag>
</tag>
<suite>
<stat pass="1" fail="0" skip="0" id="s1" name="Subscribe">Subscribe</stat>
</suite>
</statistics>
<errors>
</errors>
</robot>
