<?xml version="1.0" encoding="UTF-8"?>
<robot generator="Robot 6.1.1 (Python 3.12.0 on win32)" generated="20240818 21:27:09.740" rpa="false" schemaversion="4">
<suite id="s1" name="Backend" source="D:\Hyper-Mall\Automated Backend\backend.robot">
<test id="s1-t1" name="login test" line="105">
<kw name="LunchBrowser">
<kw name="Open Browser" library="SeleniumLibrary">
<arg>${url}</arg>
<arg>${browser}</arg>
<doc>Opens a new browser instance to the optional ``url``.</doc>
<msg timestamp="20240818 21:27:09.993" level="INFO">Opening browser 'Edge' to base url 'https://atlasgaming.ma/'.</msg>
<status status="PASS" starttime="20240818 21:27:09.992" endtime="20240818 21:28:17.020"/>
</kw>
<kw name="Maximize Browser Window" library="SeleniumLibrary">
<doc>Maximizes current browser window.</doc>
<status status="PASS" starttime="20240818 21:28:17.020" endtime="20240818 21:28:17.622"/>
</kw>
<kw name="Sleep" library="BuiltIn">
<arg>4s</arg>
<doc>Pauses the test executed for the given time.</doc>
<status status="FAIL" starttime="20240818 21:28:17.622" endtime="20240818 21:28:20.576"/>
</kw>
<status status="FAIL" starttime="20240818 21:27:09.991" endtime="20240818 21:28:20.576"/>
</kw>
<kw name=" search">
<status status="NOT RUN" starttime="20240818 21:28:20.580" endtime="20240818 21:28:20.580"/>
</kw>
<kw name="add product">
<status status="NOT RUN" starttime="20240818 21:28:20.581" endtime="20240818 21:28:20.581"/>
</kw>
<kw name="coupon code">
<status status="NOT RUN" starttime="20240818 21:28:20.581" endtime="20240818 21:28:20.581"/>
</kw>
<status status="FAIL" starttime="20240818 21:27:09.989" endtime="20240818 21:28:20.582">Execution terminated by signal</status>
</test>
<status status="FAIL" starttime="20240818 21:27:09.742" endtime="20240818 21:28:20.587"/>
</suite>
<statistics>
<total>
<stat pass="0" fail="1" skip="0">All Tests</stat>
</total>
<tag>
</tag>
<suite>
<stat pass="0" fail="1" skip="0" id="s1" name="Backend">Backend</stat>
</suite>
</statistics>
<errors>
</errors>
</robot>
