<?xml version="1.0" encoding="UTF-8"?>
<robot generator="Robot 6.1.1 (Python 3.12.0 on win32)" generated="20240819 00:27:58.190" rpa="false" schemaversion="4">
<suite id="s1" name="Social Media" source="D:\Hyper-Mall\Automated Frontend\Social_media\social_media.robot">
<test id="s1-t1" name="Social_media" line="11">
<kw name="LaunchBrowser">
<kw name="Open Browser" library="SeleniumLibrary">
<arg>${url}</arg>
<arg>${browser}</arg>
<doc>Opens a new browser instance to the optional ``url``.</doc>
<msg timestamp="20240819 00:27:58.401" level="INFO">Opening browser 'Edge' to base url 'http://localhost:3000/#Home'.</msg>
<status status="PASS" starttime="20240819 00:27:58.400" endtime="20240819 00:28:02.355"/>
</kw>
<kw name="Maximize Browser Window" library="SeleniumLibrary">
<doc>Maximizes current browser window.</doc>
<status status="PASS" starttime="20240819 00:28:02.356" endtime="20240819 00:28:02.387"/>
</kw>
<kw name="Sleep" library="BuiltIn">
<arg>6s</arg>
<doc>Pauses the test executed for the given time.</doc>
<msg timestamp="20240819 00:28:08.388" level="INFO">Slept 6 seconds</msg>
<status status="PASS" starttime="20240819 00:28:02.388" endtime="20240819 00:28:08.388"/>
</kw>
<status status="PASS" starttime="20240819 00:27:58.400" endtime="20240819 00:28:08.388"/>
</kw>
<kw name="Social_media">
<kw name="Click Element" library="SeleniumLibrary">
<arg>//div[@class='container p-4 pb-0']//a[1]</arg>
<doc>Click the element identified by ``locator``.</doc>
<msg timestamp="20240819 00:28:08.389" level="INFO">Clicking element '//div[@class='container p-4 pb-0']//a[1]'.</msg>
<status status="PASS" starttime="20240819 00:28:08.389" endtime="20240819 00:28:10.370"/>
</kw>
<kw name="Sleep" library="BuiltIn">
<arg>2s</arg>
<doc>Pauses the test executed for the given time.</doc>
<msg timestamp="20240819 00:28:12.371" level="INFO">Slept 2 seconds</msg>
<status status="PASS" starttime="20240819 00:28:10.370" endtime="20240819 00:28:12.371"/>
</kw>
<kw name="Go Back" library="SeleniumLibrary">
<doc>Simulates the user clicking the back button on their browser.</doc>
<status status="PASS" starttime="20240819 00:28:12.371" endtime="20240819 00:28:12.389"/>
</kw>
<kw name="Click Element" library="SeleniumLibrary">
<arg>//div[@class='container p-4 pb-0']//a[1]</arg>
<doc>Click the element identified by ``locator``.</doc>
<msg timestamp="20240819 00:28:12.390" level="INFO">Clicking element '//div[@class='container p-4 pb-0']//a[1]'.</msg>
<msg timestamp="20240819 00:28:12.812" level="INFO" html="true">&lt;/td&gt;&lt;/tr&gt;&lt;tr&gt;&lt;td colspan="3"&gt;&lt;a href="selenium-screenshot-2.png"&gt;&lt;img src="selenium-screenshot-2.png" width="800px"&gt;&lt;/a&gt;</msg>
<msg timestamp="20240819 00:28:12.812" level="FAIL">Element with locator '//div[@class='container p-4 pb-0']//a[1]' not found.</msg>
<status status="FAIL" starttime="20240819 00:28:12.389" endtime="20240819 00:28:12.814"/>
</kw>
<status status="FAIL" starttime="20240819 00:28:08.388" endtime="20240819 00:28:12.814"/>
</kw>
<status status="FAIL" starttime="20240819 00:27:58.399" endtime="20240819 00:28:12.815">Element with locator '//div[@class='container p-4 pb-0']//a[1]' not found.</status>
</test>
<status status="FAIL" starttime="20240819 00:27:58.192" endtime="20240819 00:28:12.817"/>
</suite>
<statistics>
<total>
<stat pass="0" fail="1" skip="0">All Tests</stat>
</total>
<tag>
</tag>
<suite>
<stat pass="0" fail="1" skip="0" id="s1" name="Social Media">Social Media</stat>
</suite>
</statistics>
<errors>
</errors>
</robot>
