<?xml version="1.0" encoding="UTF-8"?>
<robot generator="Robot 6.1.1 (Python 3.12.0 on win32)" generated="20240818 22:47:06.738" rpa="false" schemaversion="4">
<suite id="s1" name="Contact" source="D:\Hyper-Mall\Automated Frontend\Contact\contact.robot">
<test id="s1-t1" name="Contact" line="16">
<kw name="LunchBrowser">
<kw name="Open Browser" library="SeleniumLibrary">
<arg>${url}</arg>
<arg>${browser}</arg>
<doc>Opens a new browser instance to the optional ``url``.</doc>
<msg timestamp="20240818 22:47:06.942" level="INFO">Opening browser 'Edge' to base url 'http://localhost:3000/contact.html'.</msg>
<status status="PASS" starttime="20240818 22:47:06.942" endtime="20240818 22:47:09.870"/>
</kw>
<kw name="Maximize Browser Window" library="SeleniumLibrary">
<doc>Maximizes current browser window.</doc>
<status status="PASS" starttime="20240818 22:47:09.871" endtime="20240818 22:47:09.932"/>
</kw>
<kw name="Sleep" library="BuiltIn">
<arg>6s</arg>
<doc>Pauses the test executed for the given time.</doc>
<msg timestamp="20240818 22:47:15.933" level="INFO">Slept 6 seconds</msg>
<status status="PASS" starttime="20240818 22:47:09.932" endtime="20240818 22:47:15.933"/>
</kw>
<status status="PASS" starttime="20240818 22:47:06.941" endtime="20240818 22:47:15.933"/>
</kw>
<kw name="Contact">
<kw name="Input Text" library="SeleniumLibrary">
<arg>//input[@placeholder='Your name']</arg>
<arg>${name}</arg>
<doc>Types the given ``text`` into the text field identified by ``locator``.</doc>
<msg timestamp="20240818 22:47:15.935" level="INFO">Typing text 'ayoub_test' into text field '//input[@placeholder='Your name']'.</msg>
<status status="PASS" starttime="20240818 22:47:15.934" endtime="20240818 22:47:16.039"/>
</kw>
<kw name="Sleep" library="BuiltIn">
<arg>4s</arg>
<doc>Pauses the test executed for the given time.</doc>
<msg timestamp="20240818 22:47:20.040" level="INFO">Slept 4 seconds</msg>
<status status="PASS" starttime="20240818 22:47:16.039" endtime="20240818 22:47:20.040"/>
</kw>
<kw name="Input Text" library="SeleniumLibrary">
<arg>//input[@placeholder='Your Email']</arg>
<arg>${email}</arg>
<doc>Types the given ``text`` into the text field identified by ``locator``.</doc>
<msg timestamp="20240818 22:47:20.041" level="INFO">Typing text 'testing@gmail.com' into text field '//input[@placeholder='Your Email']'.</msg>
<status status="PASS" starttime="20240818 22:47:20.040" endtime="20240818 22:47:20.120"/>
</kw>
<kw name="Sleep" library="BuiltIn">
<arg>4s</arg>
<doc>Pauses the test executed for the given time.</doc>
<msg timestamp="20240818 22:47:24.122" level="INFO">Slept 4 seconds</msg>
<status status="PASS" starttime="20240818 22:47:20.120" endtime="20240818 22:47:24.122"/>
</kw>
<kw name="Input Text" library="SeleniumLibrary">
<arg>//input[@placeholder='Your gender']</arg>
<arg>${gender}</arg>
<doc>Types the given ``text`` into the text field identified by ``locator``.</doc>
<msg timestamp="20240818 22:47:24.122" level="INFO">Typing text 'You gender please' into text field '//input[@placeholder='Your gender']'.</msg>
<status status="PASS" starttime="20240818 22:47:24.122" endtime="20240818 22:47:24.201"/>
</kw>
<kw name="Sleep" library="BuiltIn">
<arg>4s</arg>
<doc>Pauses the test executed for the given time.</doc>
<msg timestamp="20240818 22:47:28.202" level="INFO">Slept 4 seconds</msg>
<status status="PASS" starttime="20240818 22:47:24.201" endtime="20240818 22:47:28.202"/>
</kw>
<kw name="Input Text" library="SeleniumLibrary">
<arg>//textarea[@placeholder='YOUR message']</arg>
<arg>${message}</arg>
<doc>Types the given ``text`` into the text field identified by ``locator``.</doc>
<msg timestamp="20240818 22:47:28.202" level="INFO">Typing text 'Hello ayoub' into text field '//textarea[@placeholder='YOUR message']'.</msg>
<status status="PASS" starttime="20240818 22:47:28.202" endtime="20240818 22:47:28.271"/>
</kw>
<kw name="Sleep" library="BuiltIn">
<arg>6s</arg>
<doc>Pauses the test executed for the given time.</doc>
<msg timestamp="20240818 22:47:34.273" level="INFO">Slept 6 seconds</msg>
<status status="PASS" starttime="20240818 22:47:28.271" endtime="20240818 22:47:34.273"/>
</kw>
<kw name="Click Button" library="SeleniumLibrary">
<arg>//button[@type='submit']</arg>
<doc>Clicks the button identified by ``locator``.</doc>
<msg timestamp="20240818 22:47:34.273" level="INFO">Clicking button '//button[@type='submit']'.</msg>
<status status="PASS" starttime="20240818 22:47:34.273" endtime="20240818 22:47:35.479"/>
</kw>
<kw name="Sleep" library="BuiltIn">
<arg>10s</arg>
<doc>Pauses the test executed for the given time.</doc>
<msg timestamp="20240818 22:47:45.480" level="INFO">Slept 10 seconds</msg>
<status status="PASS" starttime="20240818 22:47:35.479" endtime="20240818 22:47:45.480"/>
</kw>
<status status="PASS" starttime="20240818 22:47:15.934" endtime="20240818 22:47:45.480"/>
</kw>
<status status="PASS" starttime="20240818 22:47:06.940" endtime="20240818 22:47:45.480"/>
</test>
<status status="PASS" starttime="20240818 22:47:06.739" endtime="20240818 22:47:45.482"/>
</suite>
<statistics>
<total>
<stat pass="1" fail="0" skip="0">All Tests</stat>
</total>
<tag>
</tag>
<suite>
<stat pass="1" fail="0" skip="0" id="s1" name="Contact">Contact</stat>
</suite>
</statistics>
<errors>
</errors>
</robot>
