<?xml version="1.0" encoding="UTF-8"?>
<robot generator="Robot 6.1.1 (Python 3.12.0 on win32)" generated="20240818 22:31:24.723" rpa="false" schemaversion="4">
<suite id="s1" name="Navbar" source="D:\Hyper-Mall\Automated Frontend\navbar">
<suite id="s1-s1" name="Navbar" source="D:\Hyper-Mall\Automated Frontend\navbar\navbar.robot">
<test id="s1-s1-t1" name="navbar" line="11">
<kw name="LunchBrowser">
<kw name="Open Browser" library="SeleniumLibrary">
<arg>${url}</arg>
<arg>${browser}</arg>
<doc>Opens a new browser instance to the optional ``url``.</doc>
<msg timestamp="20240818 22:31:24.980" level="INFO">Opening browser 'Edge' to base url 'http://localhost:3000/'.</msg>
<status status="PASS" starttime="20240818 22:31:24.979" endtime="20240818 22:31:29.001"/>
</kw>
<kw name="Maximize Browser Window" library="SeleniumLibrary">
<doc>Maximizes current browser window.</doc>
<status status="PASS" starttime="20240818 22:31:29.001" endtime="20240818 22:31:29.041"/>
</kw>
<kw name="Sleep" library="BuiltIn">
<arg>6s</arg>
<doc>Pauses the test executed for the given time.</doc>
<msg timestamp="20240818 22:31:35.043" level="INFO">Slept 6 seconds</msg>
<status status="PASS" starttime="20240818 22:31:29.041" endtime="20240818 22:31:35.043"/>
</kw>
<status status="PASS" starttime="20240818 22:31:24.979" endtime="20240818 22:31:35.044"/>
</kw>
<kw name="navbar">
<kw name="Click Link" library="SeleniumLibrary">
<arg>//a[contains(text(),'Home🏠')]</arg>
<doc>Clicks a link identified by ``locator``.</doc>
<msg timestamp="20240818 22:31:35.052" level="INFO">Clicking link '//a[contains(text(),'Home🏠')]'.</msg>
<status status="PASS" starttime="20240818 22:31:35.047" endtime="20240818 22:31:35.332"/>
</kw>
<kw name="Sleep" library="BuiltIn">
<arg>4s</arg>
<doc>Pauses the test executed for the given time.</doc>
<msg timestamp="20240818 22:31:39.332" level="INFO">Slept 4 seconds</msg>
<status status="PASS" starttime="20240818 22:31:35.332" endtime="20240818 22:31:39.332"/>
</kw>
<kw name="Click Link" library="SeleniumLibrary">
<arg>//a[contains(text(),'Products🏷️')]</arg>
<doc>Clicks a link identified by ``locator``.</doc>
<msg timestamp="20240818 22:31:39.336" level="INFO">Clicking link '//a[contains(text(),'Products🏷️')]'.</msg>
<status status="PASS" starttime="20240818 22:31:39.332" endtime="20240818 22:31:39.418"/>
</kw>
<kw name="Sleep" library="BuiltIn">
<arg>4s</arg>
<doc>Pauses the test executed for the given time.</doc>
<msg timestamp="20240818 22:31:43.419" level="INFO">Slept 4 seconds</msg>
<status status="PASS" starttime="20240818 22:31:39.418" endtime="20240818 22:31:43.419"/>
</kw>
<kw name="Click Link" library="SeleniumLibrary">
<arg>//a[contains(text(),'About🤷‍♂️')]</arg>
<doc>Clicks a link identified by ``locator``.</doc>
<msg timestamp="20240818 22:31:43.425" level="INFO">Clicking link '//a[contains(text(),'About🤷‍♂️')]'.</msg>
<status status="PASS" starttime="20240818 22:31:43.419" endtime="20240818 22:31:43.675"/>
</kw>
<kw name="Sleep" library="BuiltIn">
<arg>6s</arg>
<doc>Pauses the test executed for the given time.</doc>
<msg timestamp="20240818 22:31:49.676" level="INFO">Slept 6 seconds</msg>
<status status="PASS" starttime="20240818 22:31:43.675" endtime="20240818 22:31:49.676"/>
</kw>
<status status="PASS" starttime="20240818 22:31:35.046" endtime="20240818 22:31:49.676"/>
</kw>
<status status="PASS" starttime="20240818 22:31:24.978" endtime="20240818 22:31:49.677"/>
</test>
<status status="PASS" starttime="20240818 22:31:24.746" endtime="20240818 22:31:49.679"/>
</suite>
<status status="PASS" starttime="20240818 22:31:24.725" endtime="20240818 22:31:49.681"/>
</suite>
<statistics>
<total>
<stat pass="1" fail="0" skip="0">All Tests</stat>
</total>
<tag>
</tag>
<suite>
<stat pass="1" fail="0" skip="0" id="s1" name="Navbar">Navbar</stat>
<stat pass="1" fail="0" skip="0" id="s1-s1" name="Navbar">Navbar.Navbar</stat>
</suite>
</statistics>
<errors>
</errors>
</robot>
