<?xml version="1.0" encoding="UTF-8"?>
<robot generator="Robot 6.1.1 (Python 3.12.0 on win32)" generated="20240819 00:18:09.195" rpa="false" schemaversion="4">
<suite id="s1" name="Products" source="D:\Hyper-Mall\Automated Frontend\Products\products.robot">
<test id="s1-t1" name="Products" line="12">
<kw name="LaunchBrowser">
<kw name="Open Browser" library="SeleniumLibrary">
<arg>${url}</arg>
<arg>${browser}</arg>
<doc>Opens a new browser instance to the optional ``url``.</doc>
<msg timestamp="20240819 00:18:09.407" level="INFO">Opening browser 'Edge' to base url 'http://localhost:3000/#Products'.</msg>
<status status="PASS" starttime="20240819 00:18:09.406" endtime="20240819 00:18:14.215"/>
</kw>
<kw name="Maximize Browser Window" library="SeleniumLibrary">
<doc>Maximizes current browser window.</doc>
<status status="PASS" starttime="20240819 00:18:14.215" endtime="20240819 00:18:14.243"/>
</kw>
<kw name="Sleep" library="BuiltIn">
<arg>6s</arg>
<doc>Pauses the test executed for the given time.</doc>
<msg timestamp="20240819 00:18:20.244" level="INFO">Slept 6 seconds</msg>
<status status="PASS" starttime="20240819 00:18:14.244" endtime="20240819 00:18:20.244"/>
</kw>
<status status="PASS" starttime="20240819 00:18:09.406" endtime="20240819 00:18:20.244"/>
</kw>
<kw name="Products">
<kw name="Click Element" library="SeleniumLibrary">
<arg>//div[@id='Products']//img</arg>
<doc>Click the element identified by ``locator``.</doc>
<msg timestamp="20240819 00:18:20.247" level="INFO">Clicking element '//div[@id='Products']//img'.</msg>
<status status="PASS" starttime="20240819 00:18:20.246" endtime="20240819 00:18:20.419"/>
</kw>
<kw name="Sleep" library="BuiltIn">
<arg>1s</arg>
<doc>Pauses the test executed for the given time.</doc>
<msg timestamp="20240819 00:18:21.420" level="INFO">Slept 1 second</msg>
<status status="PASS" starttime="20240819 00:18:20.419" endtime="20240819 00:18:21.420"/>
</kw>
<kw name="Click Element" library="SeleniumLibrary">
<arg>//body/div[@id='root']/div[7]/div[4]/a[1]/i[1]</arg>
<doc>Click the element identified by ``locator``.</doc>
<msg timestamp="20240819 00:18:21.420" level="INFO">Clicking element '//body/div[@id='root']/div[7]/div[4]/a[1]/i[1]'.</msg>
<status status="PASS" starttime="20240819 00:18:21.420" endtime="20240819 00:18:57.291"/>
</kw>
<kw name="Sleep" library="BuiltIn">
<arg>5s</arg>
<doc>Pauses the test executed for the given time.</doc>
<msg timestamp="20240819 00:19:02.292" level="INFO">Slept 5 seconds</msg>
<status status="PASS" starttime="20240819 00:18:57.291" endtime="20240819 00:19:02.292"/>
</kw>
<kw name="Go Back" library="SeleniumLibrary">
<doc>Simulates the user clicking the back button on their browser.</doc>
<status status="PASS" starttime="20240819 00:19:02.292" endtime="20240819 00:19:02.322"/>
</kw>
<status status="PASS" starttime="20240819 00:18:20.244" endtime="20240819 00:19:02.322"/>
</kw>
<status status="PASS" starttime="20240819 00:18:09.405" endtime="20240819 00:19:02.324"/>
</test>
<status status="PASS" starttime="20240819 00:18:09.196" endtime="20240819 00:19:02.326"/>
</suite>
<statistics>
<total>
<stat pass="1" fail="0" skip="0">All Tests</stat>
</total>
<tag>
</tag>
<suite>
<stat pass="1" fail="0" skip="0" id="s1" name="Products">Products</stat>
</suite>
</statistics>
<errors>
</errors>
</robot>
